
Loading MNIST Data...

Loading Training Data...

Loading Testing Data...

Preparing Classifier Training and Validation Data...

SVM Classifier with gamma = 0.1; Kernel = polynomial

Pickling the Classifier for Future Use...

Calculating Accuracy of trained Classifier...

Making Predictions on Validation Data...

Calculating Accuracy of Predictions...

Creating Confusion Matrix...

SVM Trained Classifier Accuracy:  0.9775

Predicted Values:  [8 1 6 ... 6 0 4]

Accuracy of Classifier on Validation Images:  0.9775

Confusion Matrix: 
 [[560   0   2   0   1   1   1   1   1   1]
 [  0 687   2   0   0   0   0   2   5   0]
 [  5   2 562   1   0   1   0   6   4   1]
 [  0   2   2 608   0   3   0   0   3   3]
 [  2   4   0   0 594   0   1   1   1  10]
 [  0   0   0   0   1 511   1   0   2   2]
 [  1   0   2   0   1   4 562   0   0   0]
 [  0   3   3   1   2   0   0 623   0   3]
 [  2   2   3   3   3   4   2   1 573   1]
 [  1   3   0   1   4   3   0   6   1 585]]

Making Predictions on Test Input Images...

Calculating Accuracy of Trained Classifier on Test Data... 

 Creating Confusion Matrix for Test Data...

Predicted Labels for Test Images:  [7 2 1 ... 4 5 6]

Accuracy of Classifier on Test Images:  0.9775

Confusion Matrix for Test Data: 
 [[ 972    0    1    0    0    3    1    1    2    0]
 [   0 1128    2    1    1    0    3    0    0    0]
 [   6    1 1006    0    2    2    4    6    5    0]
 [   0    2    2  987    0    6    0    5    5    3]
 [   3    0    2    0  962    0    5    1    0    9]
 [   2    0    1   11    1  866    3    1    4    3]
 [   5    5    2    0    3    6  935    0    2    0]
 [   0   10    9    2    1    0    0 1000    0    6]
 [   5    0    1    5    4    4    2    4  946    3]
 [   2    7    1    5   10    3    1    3    4  973]]
